# JRE version: OpenJDK Runtime Environment Temurin-21.0.10+7 (21.0.10+7) (build 21.0.10+7-LTS)
# Java VM: OpenJDK 64-Bit Server VM Temurin-21.0.10+7 (21.0.10+7-LTS, mixed mode, sharing, tiered, compressed oops, compressed class ptrs, parallel gc, windows-amd64)
GC Precious Log:
 CardTable entry size: 512
 CPUs: 8 total, 8 available
 Memory: 8051M
 Large Page Support: Disabled
 NUMA Support: Disabled
 Compressed Oops: Enabled (32-bit)
 Alignments: Space 512K, Generation 512K, Heap 2M
 Heap Min Capacity: 100M
 Heap Initial Capacity: 100M
 Heap Max Capacity: 2G
 Pre-touch: Disabled
 Parallel Workers: 8
Heap:
 PSYoungGen      total 7680K, used 6064K [0x00000000d5580000, 0x00000000d6080000, 0x0000000100000000)
  eden space 6656K, 80% used [0x00000000d5580000,0x00000000d5abc348,0x00000000d5c00000)
  from space 1024K, 68% used [0x00000000d5f80000,0x00000000d6030000,0x00000000d6080000)
  to   space 1024K, 0% used [0x00000000d5c00000,0x00000000d5c00000,0x00000000d5d00000)
 ParOldGen       total 317440K, used 142167K [0x0000000080000000, 0x0000000093600000, 0x00000000d5580000)
  object space 317440K, 44% used [0x0000000080000000,0x0000000088ad5f10,0x0000000093600000)
 Metaspace       used 76815K, committed 78656K, reserved 1179648K
  class space    used 8012K, committed 8832K, reserved 1048576K
GC Heap History (20 events):
Event: 1467.823 GC heap before
{Heap before GC invocations=347 (full 4):
 PSYoungGen      total 9216K, used 9003K [0x00000000d5580000, 0x00000000d6700000, 0x0000000100000000)
  eden space 5120K, 98% used [0x00000000d5580000,0x00000000d5a6a5a8,0x00000000d5a80000)
  from space 4096K, 96% used [0x00000000d6300000,0x00000000d66e08b0,0x00000000d6700000)
  to   space 5632K, 0% used [0x00000000d5c00000,0x00000000d5c00000,0x00000000d6180000)
 ParOldGen       total 317440K, used 126491K [0x0000000080000000, 0x0000000093600000, 0x00000000d5580000)
  object space 317440K, 39% used [0x0000000080000000,0x0000000087b86cd8,0x0000000093600000)
 Metaspace       used 76766K, committed 78656K, reserved 1179648K
  class space    used 8011K, committed 8832K, reserved 1048576K
}
Event: 1467.835 GC heap after
{Heap after GC invocations=347 (full 4):
 PSYoungGen      total 8192K, used 2653K [0x00000000d5580000, 0x00000000d6380000, 0x0000000100000000)
  eden space 5120K, 0% used [0x00000000d5580000,0x00000000d5580000,0x00000000d5a80000)
  from space 3072K, 86% used [0x00000000d5c00000,0x00000000d5e97608,0x00000000d5f00000)
  to   space 3584K, 0% used [0x00000000d6000000,0x00000000d6000000,0x00000000d6380000)
 ParOldGen       total 317440K, used 130429K [0x0000000080000000, 0x0000000093600000, 0x00000000d5580000)
  object space 317440K, 41% used [0x0000000080000000,0x0000000087f5f588,0x0000000093600000)
 Metaspace       used 76766K, committed 78656K, reserved 1179648K
  class space    used 8011K, committed 8832K, reserved 1048576K
}
Event: 1467.846 GC heap before
{Heap before GC invocations=348 (full 4):
 PSYoungGen      total 8192K, used 7773K [0x00000000d5580000, 0x00000000d6380000, 0x0000000100000000)
  eden space 5120K, 100% used [0x00000000d5580000,0x00000000d5a80000,0x00000000d5a80000)
  from space 3072K, 86% used [0x00000000d5c00000,0x00000000d5e97608,0x00000000d5f00000)
  to   space 3584K, 0% used [0x00000000d6000000,0x00000000d6000000,0x00000000d6380000)
 ParOldGen       total 317440K, used 130429K [0x0000000080000000, 0x0000000093600000, 0x00000000d5580000)
  object space 317440K, 41% used [0x0000000080000000,0x0000000087f5f588,0x0000000093600000)
 Metaspace       used 76770K, committed 78656K, reserved 1179648K
  class space    used 8011K, committed 8832K, reserved 1048576K
}
Event: 1467.857 GC heap after
{Heap after GC invocations=348 (full 4):
 PSYoungGen      total 6144K, used 3574K [0x00000000d5580000, 0x00000000d6b80000, 0x0000000100000000)
  eden space 2560K, 0% used [0x00000000d5580000,0x00000000d5580000,0x00000000d5800000)
  from space 3584K, 99% used [0x00000000d6000000,0x00000000d637d910,0x00000000d6380000)
  to   space 8192K, 0% used [0x00000000d5800000,0x00000000d5800000,0x00000000d6000000)
 ParOldGen       total 317440K, used 134088K [0x0000000080000000, 0x0000000093600000, 0x00000000d5580000)
  object space 317440K, 42% used [0x0000000080000000,0x00000000882f2300,0x0000000093600000)
 Metaspace       used 76770K, committed 78656K, reserved 1179648K
  class space    used 8011K, committed 8832K, reserved 1048576K
}
Event: 1467.860 GC heap before
{Heap before GC invocations=349 (full 4):
 PSYoungGen      total 6144K, used 6134K [0x00000000d5580000, 0x00000000d6b80000, 0x0000000100000000)
  eden space 2560K, 100% used [0x00000000d5580000,0x00000000d5800000,0x00000000d5800000)
  from space 3584K, 99% used [0x00000000d6000000,0x00000000d637d910,0x00000000d6380000)
  to   space 8192K, 0% used [0x00000000d5800000,0x00000000d5800000,0x00000000d6000000)
 ParOldGen       total 317440K, used 134088K [0x0000000080000000, 0x0000000093600000, 0x00000000d5580000)
  object space 317440K, 42% used [0x0000000080000000,0x00000000882f2300,0x0000000093600000)
 Metaspace       used 76775K, committed 78656K, reserved 1179648K
  class space    used 8012K, committed 8832K, reserved 1048576K
}
Event: 1467.874 GC heap after
{Heap after GC invocations=349 (full 4):
 PSYoungGen      total 3584K, used 512K [0x00000000d5580000, 0x00000000d6080000, 0x0000000100000000)
  eden space 2560K, 0% used [0x00000000d5580000,0x00000000d5580000,0x00000000d5800000)
  from space 1024K, 50% used [0x00000000d5800000,0x00000000d5880020,0x00000000d5900000)
  to   space 3072K, 0% used [0x00000000d5d80000,0x00000000d5d80000,0x00000000d6080000)
 ParOldGen       total 317440K, used 138191K [0x0000000080000000, 0x0000000093600000, 0x00000000d5580000)
  object space 317440K, 43% used [0x0000000080000000,0x00000000886f3f48,0x0000000093600000)
 Metaspace       used 76775K, committed 78656K, reserved 1179648K
  class space    used 8012K, committed 8832K, reserved 1048576K
}
Event: 1467.876 GC heap before
{Heap before GC invocations=350 (full 4):
 PSYoungGen      total 3584K, used 3072K [0x00000000d5580000, 0x00000000d6080000, 0x0000000100000000)
  eden space 2560K, 100% used [0x00000000d5580000,0x00000000d5800000,0x00000000d5800000)
  from space 1024K, 50% used [0x00000000d5800000,0x00000000d5880020,0x00000000d5900000)
  to   space 3072K, 0% used [0x00000000d5d80000,0x00000000d5d80000,0x00000000d6080000)
 ParOldGen       total 317440K, used 138191K [0x0000000080000000, 0x0000000093600000, 0x00000000d5580000)
  object space 317440K, 43% used [0x0000000080000000,0x00000000886f3f48,0x0000000093600000)
 Metaspace       used 76775K, committed 78656K, reserved 1179648K
  class space    used 8012K, committed 8832K, reserved 1048576K
}
Event: 1467.878 GC heap after
{Heap after GC invocations=350 (full 4):
 PSYoungGen      total 3584K, used 384K [0x00000000d5580000, 0x00000000d5e00000, 0x0000000100000000)
  eden space 3072K, 0% used [0x00000000d5580000,0x00000000d5580000,0x00000000d5880000)
  from space 512K, 75% used [0x00000000d5d80000,0x00000000d5de0020,0x00000000d5e00000)
  to   space 1024K, 0% used [0x00000000d5c00000,0x00000000d5c00000,0x00000000d5d00000)
 ParOldGen       total 317440K, used 138526K [0x0000000080000000, 0x0000000093600000, 0x00000000d5580000)
  object space 317440K, 43% used [0x0000000080000000,0x0000000088747ad0,0x0000000093600000)
 Metaspace       used 76775K, committed 78656K, reserved 1179648K
  class space    used 8012K, committed 8832K, reserved 1048576K
}
Event: 1467.887 GC heap before
{Heap before GC invocations=351 (full 4):
 PSYoungGen      total 3584K, used 3449K [0x00000000d5580000, 0x00000000d5e00000, 0x0000000100000000)
  eden space 3072K, 99% used [0x00000000d5580000,0x00000000d587e478,0x00000000d5880000)
  from space 512K, 75% used [0x00000000d5d80000,0x00000000d5de0020,0x00000000d5e00000)
  to   space 1024K, 0% used [0x00000000d5c00000,0x00000000d5c00000,0x00000000d5d00000)
 ParOldGen       total 317440K, used 138526K [0x0000000080000000, 0x0000000093600000, 0x00000000d5580000)
  object space 317440K, 43% used [0x0000000080000000,0x0000000088747ad0,0x0000000093600000)
 Metaspace       used 76777K, committed 78656K, reserved 1179648K
  class space    used 8012K, committed 8832K, reserved 1048576K
}
Event: 1467.888 GC heap after
{Heap after GC invocations=351 (full 4):
 PSYoungGen      total 5120K, used 896K [0x00000000d5580000, 0x00000000d5e00000, 0x0000000100000000)
  eden space 4096K, 0% used [0x00000000d5580000,0x00000000d5580000,0x00000000d5980000)
  from space 1024K, 87% used [0x00000000d5c00000,0x00000000d5ce0040,0x00000000d5d00000)
  to   space 1024K, 0% used [0x00000000d5d00000,0x00000000d5d00000,0x00000000d5e00000)
 ParOldGen       total 317440K, used 138758K [0x0000000080000000, 0x0000000093600000, 0x00000000d5580000)
  object space 317440K, 43% used [0x0000000080000000,0x0000000088781af0,0x0000000093600000)
 Metaspace       used 76777K, committed 78656K, reserved 1179648K
  class space    used 8012K, committed 8832K, reserved 1048576K
}
Event: 1467.900 GC heap before
{Heap before GC invocations=352 (full 4):
 PSYoungGen      total 5120K, used 4992K [0x00000000d5580000, 0x00000000d5e00000, 0x0000000100000000)
  eden space 4096K, 100% used [0x00000000d5580000,0x00000000d5980000,0x00000000d5980000)
  from space 1024K, 87% used [0x00000000d5c00000,0x00000000d5ce0040,0x00000000d5d00000)
  to   space 1024K, 0% used [0x00000000d5d00000,0x00000000d5d00000,0x00000000d5e00000)
 ParOldGen       total 317440K, used 138758K [0x0000000080000000, 0x0000000093600000, 0x00000000d5580000)
  object space 317440K, 43% used [0x0000000080000000,0x0000000088781af0,0x0000000093600000)
 Metaspace       used 76782K, committed 78656K, reserved 1179648K
  class space    used 8012K, committed 8832K, reserved 1048576K
}
Event: 1467.903 GC heap after
{Heap after GC invocations=352 (full 4):
 PSYoungGen      total 6144K, used 722K [0x00000000d5580000, 0x00000000d5e00000, 0x0000000100000000)
  eden space 5120K, 0% used [0x00000000d5580000,0x00000000d5580000,0x00000000d5a80000)
  from space 1024K, 70% used [0x00000000d5d00000,0x00000000d5db4aa0,0x00000000d5e00000)
  to   space 1024K, 0% used [0x00000000d5c00000,0x00000000d5c00000,0x00000000d5d00000)
 ParOldGen       total 317440K, used 139518K [0x0000000080000000, 0x0000000093600000, 0x00000000d5580000)
  object space 317440K, 43% used [0x0000000080000000,0x000000008883fb00,0x0000000093600000)
 Metaspace       used 76782K, committed 78656K, reserved 1179648K
  class space    used 8012K, committed 8832K, reserved 1048576K
}
Event: 1467.912 GC heap before
{Heap before GC invocations=353 (full 4):
 PSYoungGen      total 6144K, used 5842K [0x00000000d5580000, 0x00000000d5e00000, 0x0000000100000000)
  eden space 5120K, 100% used [0x00000000d5580000,0x00000000d5a80000,0x00000000d5a80000)
  from space 1024K, 70% used [0x00000000d5d00000,0x00000000d5db4aa0,0x00000000d5e00000)
  to   space 1024K, 0% used [0x00000000d5c00000,0x00000000d5c00000,0x00000000d5d00000)
 ParOldGen       total 317440K, used 139518K [0x0000000080000000, 0x0000000093600000, 0x00000000d5580000)
  object space 317440K, 43% used [0x0000000080000000,0x000000008883fb00,0x0000000093600000)
 Metaspace       used 76782K, committed 78656K, reserved 1179648K
  class space    used 8012K, committed 8832K, reserved 1048576K
}
Event: 1467.918 GC heap after
{Heap after GC invocations=353 (full 4):
 PSYoungGen      total 7168K, used 768K [0x00000000d5580000, 0x00000000d5d80000, 0x0000000100000000)
  eden space 6144K, 0% used [0x00000000d5580000,0x00000000d5580000,0x00000000d5b80000)
  from space 1024K, 75% used [0x00000000d5c00000,0x00000000d5cc0020,0x00000000d5d00000)
  to   space 512K, 0% used [0x00000000d5d00000,0x00000000d5d00000,0x00000000d5d80000)
 ParOldGen       total 317440K, used 140127K [0x0000000080000000, 0x0000000093600000, 0x00000000d5580000)
  object space 317440K, 44% used [0x0000000080000000,0x00000000888d7e78,0x0000000093600000)
 Metaspace       used 76782K, committed 78656K, reserved 1179648K
  class space    used 8012K, committed 8832K, reserved 1048576K
}
Event: 1467.934 GC heap before
{Heap before GC invocations=354 (full 4):
 PSYoungGen      total 7168K, used 6912K [0x00000000d5580000, 0x00000000d5d80000, 0x0000000100000000)
  eden space 6144K, 100% used [0x00000000d5580000,0x00000000d5b80000,0x00000000d5b80000)
  from space 1024K, 75% used [0x00000000d5c00000,0x00000000d5cc0020,0x00000000d5d00000)
  to   space 512K, 0% used [0x00000000d5d00000,0x00000000d5d00000,0x00000000d5d80000)
 ParOldGen       total 317440K, used 140127K [0x0000000080000000, 0x0000000093600000, 0x00000000d5580000)
  object space 317440K, 44% used [0x0000000080000000,0x00000000888d7e78,0x0000000093600000)
 Metaspace       used 76782K, committed 78656K, reserved 1179648K
  class space    used 8012K, committed 8832K, reserved 1048576K
}
Event: 1467.937 GC heap after
{Heap after GC invocations=354 (full 4):
 PSYoungGen      total 7168K, used 512K [0x00000000d5580000, 0x00000000d5f00000, 0x0000000100000000)
  eden space 6656K, 0% used [0x00000000d5580000,0x00000000d5580000,0x00000000d5c00000)
  from space 512K, 100% used [0x00000000d5d00000,0x00000000d5d80000,0x00000000d5d80000)
  to   space 1024K, 0% used [0x00000000d5c00000,0x00000000d5c00000,0x00000000d5d00000)
 ParOldGen       total 317440K, used 140831K [0x0000000080000000, 0x0000000093600000, 0x00000000d5580000)
  object space 317440K, 44% used [0x0000000080000000,0x0000000088987e98,0x0000000093600000)
 Metaspace       used 76782K, committed 78656K, reserved 1179648K
  class space    used 8012K, committed 8832K, reserved 1048576K
}
Event: 1467.992 GC heap before
{Heap before GC invocations=355 (full 4):
 PSYoungGen      total 7168K, used 7167K [0x00000000d5580000, 0x00000000d5f00000, 0x0000000100000000)
  eden space 6656K, 99% used [0x00000000d5580000,0x00000000d5bffec0,0x00000000d5c00000)
  from space 512K, 100% used [0x00000000d5d00000,0x00000000d5d80000,0x00000000d5d80000)
  to   space 1024K, 0% used [0x00000000d5c00000,0x00000000d5c00000,0x00000000d5d00000)
 ParOldGen       total 317440K, used 140831K [0x0000000080000000, 0x0000000093600000, 0x00000000d5580000)
  object space 317440K, 44% used [0x0000000080000000,0x0000000088987e98,0x0000000093600000)
 Metaspace       used 76785K, committed 78656K, reserved 1179648K
  class space    used 8012K, committed 8832K, reserved 1048576K
}
Event: 1467.994 GC heap after
{Heap after GC invocations=355 (full 4):
 PSYoungGen      total 7680K, used 1010K [0x00000000d5580000, 0x00000000d6180000, 0x0000000100000000)
  eden space 6656K, 0% used [0x00000000d5580000,0x00000000d5580000,0x00000000d5c00000)
  from space 1024K, 98% used [0x00000000d5c00000,0x00000000d5cfc868,0x00000000d5d00000)
  to   space 2048K, 0% used [0x00000000d5f80000,0x00000000d5f80000,0x00000000d6180000)
 ParOldGen       total 317440K, used 141295K [0x0000000080000000, 0x0000000093600000, 0x00000000d5580000)
  object space 317440K, 44% used [0x0000000080000000,0x00000000889fbe98,0x0000000093600000)
 Metaspace       used 76785K, committed 78656K, reserved 1179648K
  class space    used 8012K, committed 8832K, reserved 1048576K
}
Event: 1468.609 GC heap before
{Heap before GC invocations=356 (full 4):
 PSYoungGen      total 7680K, used 7666K [0x00000000d5580000, 0x00000000d6180000, 0x0000000100000000)
  eden space 6656K, 100% used [0x00000000d5580000,0x00000000d5c00000,0x00000000d5c00000)
  from space 1024K, 98% used [0x00000000d5c00000,0x00000000d5cfc868,0x00000000d5d00000)
  to   space 2048K, 0% used [0x00000000d5f80000,0x00000000d5f80000,0x00000000d6180000)
 ParOldGen       total 317440K, used 141295K [0x0000000080000000, 0x0000000093600000, 0x00000000d5580000)
  object space 317440K, 44% used [0x0000000080000000,0x00000000889fbe98,0x0000000093600000)
 Metaspace       used 76798K, committed 78656K, reserved 1179648K
  class space    used 8012K, committed 8832K, reserved 1048576K
}
Event: 1468.612 GC heap after
{Heap after GC invocations=356 (full 4):
 PSYoungGen      total 7680K, used 704K [0x00000000d5580000, 0x00000000d6080000, 0x0000000100000000)
  eden space 6656K, 0% used [0x00000000d5580000,0x00000000d5580000,0x00000000d5c00000)
  from space 1024K, 68% used [0x00000000d5f80000,0x00000000d6030000,0x00000000d6080000)
  to   space 1024K, 0% used [0x00000000d5c00000,0x00000000d5c00000,0x00000000d5d00000)
 ParOldGen       total 317440K, used 142167K [0x0000000080000000, 0x0000000093600000, 0x00000000d5580000)
  object space 317440K, 44% used [0x0000000080000000,0x0000000088ad5f10,0x0000000093600000)
 Metaspace       used 76798K, committed 78656K, reserved 1179648K
  class space    used 8012K, committed 8832K, reserved 1048576K
}

